15:01:58.022 [main] INFO  at.kauderwelsch.Main - main-method is running
15:02:55.894 [main] INFO  at.kauderwelsch.Main - main-method is running
15:03:06.179 [main] INFO  at.kauderwelsch.Main - main-method is running
15:03:31.985 [main] INFO  at.kauderwelsch.Main - main-method is running
15:04:01.937 [main] INFO  at.kauderwelsch.Main - main-method is running
15:04:48.514 [main] DEBUG at.kauderwelsch.LoggingExampel - error oc.
java.lang.RuntimeException: java.lang.ArithmeticException: / by zero
	at at.kauderwelsch.LoggingExampel.doSOmething(LoggingExampel.java:25)
	at at.kauderwelsch.LoggingExampel.exceptionHandler(LoggingExampel.java:13)
	at at.kauderwelsch.Main.doTestLoggingExample(Main.java:17)
	at at.kauderwelsch.Main.main(Main.java:11)
Caused by: java.lang.ArithmeticException: / by zero
	at at.kauderwelsch.LoggingExampel.doSOmething(LoggingExampel.java:23)
	... 3 common frames omitted
15:04:48.514 [main] DEBUG at.kauderwelsch.LoggingExampel - error oc.
java.lang.RuntimeException: java.lang.ArithmeticException: / by zero
	at at.kauderwelsch.LoggingExampel.doSOmething(LoggingExampel.java:25)
	at at.kauderwelsch.LoggingExampel.exceptionHandler(LoggingExampel.java:13)
	at at.kauderwelsch.Main.doTestLoggingExample(Main.java:17)
	at at.kauderwelsch.Main.main(Main.java:11)
Caused by: java.lang.ArithmeticException: / by zero
	at at.kauderwelsch.LoggingExampel.doSOmething(LoggingExampel.java:23)
	... 3 common frames omitted
15:04:49.319 [main] DEBUG at.kauderwelsch.LoggingExampel - error oc.
java.lang.RuntimeException: java.lang.ArithmeticException: / by zero
	at at.kauderwelsch.LoggingExampel.doSOmething(LoggingExampel.java:25)
	at at.kauderwelsch.LoggingExampel.exceptionHandler(LoggingExampel.java:13)
	at at.kauderwelsch.Main.doTestLoggingExample(Main.java:17)
	at at.kauderwelsch.Main.main(Main.java:11)
Caused by: java.lang.ArithmeticException: / by zero
	at at.kauderwelsch.LoggingExampel.doSOmething(LoggingExampel.java:23)
	... 3 common frames omitted
15:04:49.319 [main] DEBUG at.kauderwelsch.LoggingExampel - error oc.
java.lang.RuntimeException: java.lang.ArithmeticException: / by zero
	at at.kauderwelsch.LoggingExampel.doSOmething(LoggingExampel.java:25)
	at at.kauderwelsch.LoggingExampel.exceptionHandler(LoggingExampel.java:13)
	at at.kauderwelsch.Main.doTestLoggingExample(Main.java:17)
	at at.kauderwelsch.Main.main(Main.java:11)
Caused by: java.lang.ArithmeticException: / by zero
	at at.kauderwelsch.LoggingExampel.doSOmething(LoggingExampel.java:23)
	... 3 common frames omitted
15:04:50.119 [main] DEBUG at.kauderwelsch.LoggingExampel - error oc.
java.lang.RuntimeException: java.lang.ArithmeticException: / by zero
	at at.kauderwelsch.LoggingExampel.doSOmething(LoggingExampel.java:25)
	at at.kauderwelsch.LoggingExampel.exceptionHandler(LoggingExampel.java:13)
	at at.kauderwelsch.Main.doTestLoggingExample(Main.java:17)
	at at.kauderwelsch.Main.main(Main.java:11)
Caused by: java.lang.ArithmeticException: / by zero
	at at.kauderwelsch.LoggingExampel.doSOmething(LoggingExampel.java:23)
	... 3 common frames omitted
15:04:50.119 [main] DEBUG at.kauderwelsch.LoggingExampel - error oc.
java.lang.RuntimeException: java.lang.ArithmeticException: / by zero
	at at.kauderwelsch.LoggingExampel.doSOmething(LoggingExampel.java:25)
	at at.kauderwelsch.LoggingExampel.exceptionHandler(LoggingExampel.java:13)
	at at.kauderwelsch.Main.doTestLoggingExample(Main.java:17)
	at at.kauderwelsch.Main.main(Main.java:11)
Caused by: java.lang.ArithmeticException: / by zero
	at at.kauderwelsch.LoggingExampel.doSOmething(LoggingExampel.java:23)
	... 3 common frames omitted
15:04:50.920 [main] DEBUG at.kauderwelsch.LoggingExampel - error oc.
java.lang.RuntimeException: java.lang.ArithmeticException: / by zero
	at at.kauderwelsch.LoggingExampel.doSOmething(LoggingExampel.java:25)
	at at.kauderwelsch.LoggingExampel.exceptionHandler(LoggingExampel.java:13)
	at at.kauderwelsch.Main.doTestLoggingExample(Main.java:17)
	at at.kauderwelsch.Main.main(Main.java:11)
Caused by: java.lang.ArithmeticException: / by zero
	at at.kauderwelsch.LoggingExampel.doSOmething(LoggingExampel.java:23)
	... 3 common frames omitted
15:04:50.920 [main] DEBUG at.kauderwelsch.LoggingExampel - error oc.
java.lang.RuntimeException: java.lang.ArithmeticException: / by zero
	at at.kauderwelsch.LoggingExampel.doSOmething(LoggingExampel.java:25)
	at at.kauderwelsch.LoggingExampel.exceptionHandler(LoggingExampel.java:13)
	at at.kauderwelsch.Main.doTestLoggingExample(Main.java:17)
	at at.kauderwelsch.Main.main(Main.java:11)
Caused by: java.lang.ArithmeticException: / by zero
	at at.kauderwelsch.LoggingExampel.doSOmething(LoggingExampel.java:23)
	... 3 common frames omitted
15:04:51.722 [main] DEBUG at.kauderwelsch.LoggingExampel - error oc.
java.lang.RuntimeException: java.lang.ArithmeticException: / by zero
	at at.kauderwelsch.LoggingExampel.doSOmething(LoggingExampel.java:25)
	at at.kauderwelsch.LoggingExampel.exceptionHandler(LoggingExampel.java:13)
	at at.kauderwelsch.Main.doTestLoggingExample(Main.java:17)
	at at.kauderwelsch.Main.main(Main.java:11)
Caused by: java.lang.ArithmeticException: / by zero
	at at.kauderwelsch.LoggingExampel.doSOmething(LoggingExampel.java:23)
	... 3 common frames omitted
15:04:51.722 [main] DEBUG at.kauderwelsch.LoggingExampel - error oc.
java.lang.RuntimeException: java.lang.ArithmeticException: / by zero
	at at.kauderwelsch.LoggingExampel.doSOmething(LoggingExampel.java:25)
	at at.kauderwelsch.LoggingExampel.exceptionHandler(LoggingExampel.java:13)
	at at.kauderwelsch.Main.doTestLoggingExample(Main.java:17)
	at at.kauderwelsch.Main.main(Main.java:11)
Caused by: java.lang.ArithmeticException: / by zero
	at at.kauderwelsch.LoggingExampel.doSOmething(LoggingExampel.java:23)
	... 3 common frames omitted
15:04:52.528 [main] DEBUG at.kauderwelsch.LoggingExampel - error oc.
java.lang.RuntimeException: java.lang.ArithmeticException: / by zero
	at at.kauderwelsch.LoggingExampel.doSOmething(LoggingExampel.java:25)
	at at.kauderwelsch.LoggingExampel.exceptionHandler(LoggingExampel.java:13)
	at at.kauderwelsch.Main.doTestLoggingExample(Main.java:17)
	at at.kauderwelsch.Main.main(Main.java:11)
Caused by: java.lang.ArithmeticException: / by zero
	at at.kauderwelsch.LoggingExampel.doSOmething(LoggingExampel.java:23)
	... 3 common frames omitted
15:04:52.528 [main] DEBUG at.kauderwelsch.LoggingExampel - error oc.
java.lang.RuntimeException: java.lang.ArithmeticException: / by zero
	at at.kauderwelsch.LoggingExampel.doSOmething(LoggingExampel.java:25)
	at at.kauderwelsch.LoggingExampel.exceptionHandler(LoggingExampel.java:13)
	at at.kauderwelsch.Main.doTestLoggingExample(Main.java:17)
	at at.kauderwelsch.Main.main(Main.java:11)
Caused by: java.lang.ArithmeticException: / by zero
	at at.kauderwelsch.LoggingExampel.doSOmething(LoggingExampel.java:23)
	... 3 common frames omitted
15:04:53.333 [main] DEBUG at.kauderwelsch.LoggingExampel - error oc.
java.lang.RuntimeException: java.lang.ArithmeticException: / by zero
	at at.kauderwelsch.LoggingExampel.doSOmething(LoggingExampel.java:25)
	at at.kauderwelsch.LoggingExampel.exceptionHandler(LoggingExampel.java:13)
	at at.kauderwelsch.Main.doTestLoggingExample(Main.java:17)
	at at.kauderwelsch.Main.main(Main.java:11)
Caused by: java.lang.ArithmeticException: / by zero
	at at.kauderwelsch.LoggingExampel.doSOmething(LoggingExampel.java:23)
	... 3 common frames omitted
15:04:53.333 [main] DEBUG at.kauderwelsch.LoggingExampel - error oc.
java.lang.RuntimeException: java.lang.ArithmeticException: / by zero
	at at.kauderwelsch.LoggingExampel.doSOmething(LoggingExampel.java:25)
	at at.kauderwelsch.LoggingExampel.exceptionHandler(LoggingExampel.java:13)
	at at.kauderwelsch.Main.doTestLoggingExample(Main.java:17)
	at at.kauderwelsch.Main.main(Main.java:11)
Caused by: java.lang.ArithmeticException: / by zero
	at at.kauderwelsch.LoggingExampel.doSOmething(LoggingExampel.java:23)
	... 3 common frames omitted
15:04:54.138 [main] DEBUG at.kauderwelsch.LoggingExampel - error oc.
java.lang.RuntimeException: java.lang.ArithmeticException: / by zero
	at at.kauderwelsch.LoggingExampel.doSOmething(LoggingExampel.java:25)
	at at.kauderwelsch.LoggingExampel.exceptionHandler(LoggingExampel.java:13)
	at at.kauderwelsch.Main.doTestLoggingExample(Main.java:17)
	at at.kauderwelsch.Main.main(Main.java:11)
Caused by: java.lang.ArithmeticException: / by zero
	at at.kauderwelsch.LoggingExampel.doSOmething(LoggingExampel.java:23)
	... 3 common frames omitted
15:04:54.138 [main] DEBUG at.kauderwelsch.LoggingExampel - error oc.
java.lang.RuntimeException: java.lang.ArithmeticException: / by zero
	at at.kauderwelsch.LoggingExampel.doSOmething(LoggingExampel.java:25)
	at at.kauderwelsch.LoggingExampel.exceptionHandler(LoggingExampel.java:13)
	at at.kauderwelsch.Main.doTestLoggingExample(Main.java:17)
	at at.kauderwelsch.Main.main(Main.java:11)
Caused by: java.lang.ArithmeticException: / by zero
	at at.kauderwelsch.LoggingExampel.doSOmething(LoggingExampel.java:23)
	... 3 common frames omitted
15:04:54.943 [main] DEBUG at.kauderwelsch.LoggingExampel - error oc.
java.lang.RuntimeException: java.lang.ArithmeticException: / by zero
	at at.kauderwelsch.LoggingExampel.doSOmething(LoggingExampel.java:25)
	at at.kauderwelsch.LoggingExampel.exceptionHandler(LoggingExampel.java:13)
	at at.kauderwelsch.Main.doTestLoggingExample(Main.java:17)
	at at.kauderwelsch.Main.main(Main.java:11)
Caused by: java.lang.ArithmeticException: / by zero
	at at.kauderwelsch.LoggingExampel.doSOmething(LoggingExampel.java:23)
	... 3 common frames omitted
15:04:54.943 [main] DEBUG at.kauderwelsch.LoggingExampel - error oc.
java.lang.RuntimeException: java.lang.ArithmeticException: / by zero
	at at.kauderwelsch.LoggingExampel.doSOmething(LoggingExampel.java:25)
	at at.kauderwelsch.LoggingExampel.exceptionHandler(LoggingExampel.java:13)
	at at.kauderwelsch.Main.doTestLoggingExample(Main.java:17)
	at at.kauderwelsch.Main.main(Main.java:11)
Caused by: java.lang.ArithmeticException: / by zero
	at at.kauderwelsch.LoggingExampel.doSOmething(LoggingExampel.java:23)
	... 3 common frames omitted
15:04:55.745 [main] DEBUG at.kauderwelsch.LoggingExampel - error oc.
java.lang.RuntimeException: java.lang.ArithmeticException: / by zero
	at at.kauderwelsch.LoggingExampel.doSOmething(LoggingExampel.java:25)
	at at.kauderwelsch.LoggingExampel.exceptionHandler(LoggingExampel.java:13)
	at at.kauderwelsch.Main.doTestLoggingExample(Main.java:17)
	at at.kauderwelsch.Main.main(Main.java:11)
Caused by: java.lang.ArithmeticException: / by zero
	at at.kauderwelsch.LoggingExampel.doSOmething(LoggingExampel.java:23)
	... 3 common frames omitted
15:04:55.745 [main] DEBUG at.kauderwelsch.LoggingExampel - error oc.
java.lang.RuntimeException: java.lang.ArithmeticException: / by zero
	at at.kauderwelsch.LoggingExampel.doSOmething(LoggingExampel.java:25)
	at at.kauderwelsch.LoggingExampel.exceptionHandler(LoggingExampel.java:13)
	at at.kauderwelsch.Main.doTestLoggingExample(Main.java:17)
	at at.kauderwelsch.Main.main(Main.java:11)
Caused by: java.lang.ArithmeticException: / by zero
	at at.kauderwelsch.LoggingExampel.doSOmething(LoggingExampel.java:23)
	... 3 common frames omitted
15:04:56.550 [main] DEBUG at.kauderwelsch.LoggingExampel - error oc.
java.lang.RuntimeException: java.lang.ArithmeticException: / by zero
	at at.kauderwelsch.LoggingExampel.doSOmething(LoggingExampel.java:25)
	at at.kauderwelsch.LoggingExampel.exceptionHandler(LoggingExampel.java:13)
	at at.kauderwelsch.Main.doTestLoggingExample(Main.java:17)
	at at.kauderwelsch.Main.main(Main.java:11)
Caused by: java.lang.ArithmeticException: / by zero
	at at.kauderwelsch.LoggingExampel.doSOmething(LoggingExampel.java:23)
	... 3 common frames omitted
15:04:56.550 [main] DEBUG at.kauderwelsch.LoggingExampel - error oc.
java.lang.RuntimeException: java.lang.ArithmeticException: / by zero
	at at.kauderwelsch.LoggingExampel.doSOmething(LoggingExampel.java:25)
	at at.kauderwelsch.LoggingExampel.exceptionHandler(LoggingExampel.java:13)
	at at.kauderwelsch.Main.doTestLoggingExample(Main.java:17)
	at at.kauderwelsch.Main.main(Main.java:11)
Caused by: java.lang.ArithmeticException: / by zero
	at at.kauderwelsch.LoggingExampel.doSOmething(LoggingExampel.java:23)
	... 3 common frames omitted
15:04:57.356 [main] DEBUG at.kauderwelsch.LoggingExampel - error oc.
java.lang.RuntimeException: java.lang.ArithmeticException: / by zero
	at at.kauderwelsch.LoggingExampel.doSOmething(LoggingExampel.java:25)
	at at.kauderwelsch.LoggingExampel.exceptionHandler(LoggingExampel.java:13)
	at at.kauderwelsch.Main.doTestLoggingExample(Main.java:17)
	at at.kauderwelsch.Main.main(Main.java:11)
Caused by: java.lang.ArithmeticException: / by zero
	at at.kauderwelsch.LoggingExampel.doSOmething(LoggingExampel.java:23)
	... 3 common frames omitted
15:04:57.356 [main] DEBUG at.kauderwelsch.LoggingExampel - error oc.
java.lang.RuntimeException: java.lang.ArithmeticException: / by zero
	at at.kauderwelsch.LoggingExampel.doSOmething(LoggingExampel.java:25)
	at at.kauderwelsch.LoggingExampel.exceptionHandler(LoggingExampel.java:13)
	at at.kauderwelsch.Main.doTestLoggingExample(Main.java:17)
	at at.kauderwelsch.Main.main(Main.java:11)
Caused by: java.lang.ArithmeticException: / by zero
	at at.kauderwelsch.LoggingExampel.doSOmething(LoggingExampel.java:23)
	... 3 common frames omitted
15:04:58.157 [main] DEBUG at.kauderwelsch.LoggingExampel - error oc.
java.lang.RuntimeException: java.lang.ArithmeticException: / by zero
	at at.kauderwelsch.LoggingExampel.doSOmething(LoggingExampel.java:25)
	at at.kauderwelsch.LoggingExampel.exceptionHandler(LoggingExampel.java:13)
	at at.kauderwelsch.Main.doTestLoggingExample(Main.java:17)
	at at.kauderwelsch.Main.main(Main.java:11)
Caused by: java.lang.ArithmeticException: / by zero
	at at.kauderwelsch.LoggingExampel.doSOmething(LoggingExampel.java:23)
	... 3 common frames omitted
15:04:58.157 [main] DEBUG at.kauderwelsch.LoggingExampel - error oc.
java.lang.RuntimeException: java.lang.ArithmeticException: / by zero
	at at.kauderwelsch.LoggingExampel.doSOmething(LoggingExampel.java:25)
	at at.kauderwelsch.LoggingExampel.exceptionHandler(LoggingExampel.java:13)
	at at.kauderwelsch.Main.doTestLoggingExample(Main.java:17)
	at at.kauderwelsch.Main.main(Main.java:11)
Caused by: java.lang.ArithmeticException: / by zero
	at at.kauderwelsch.LoggingExampel.doSOmething(LoggingExampel.java:23)
	... 3 common frames omitted
15:04:58.958 [main] DEBUG at.kauderwelsch.LoggingExampel - error oc.
java.lang.RuntimeException: java.lang.ArithmeticException: / by zero
	at at.kauderwelsch.LoggingExampel.doSOmething(LoggingExampel.java:25)
	at at.kauderwelsch.LoggingExampel.exceptionHandler(LoggingExampel.java:13)
	at at.kauderwelsch.Main.doTestLoggingExample(Main.java:17)
	at at.kauderwelsch.Main.main(Main.java:11)
Caused by: java.lang.ArithmeticException: / by zero
	at at.kauderwelsch.LoggingExampel.doSOmething(LoggingExampel.java:23)
	... 3 common frames omitted
15:04:58.958 [main] DEBUG at.kauderwelsch.LoggingExampel - error oc.
java.lang.RuntimeException: java.lang.ArithmeticException: / by zero
	at at.kauderwelsch.LoggingExampel.doSOmething(LoggingExampel.java:25)
	at at.kauderwelsch.LoggingExampel.exceptionHandler(LoggingExampel.java:13)
	at at.kauderwelsch.Main.doTestLoggingExample(Main.java:17)
	at at.kauderwelsch.Main.main(Main.java:11)
Caused by: java.lang.ArithmeticException: / by zero
	at at.kauderwelsch.LoggingExampel.doSOmething(LoggingExampel.java:23)
	... 3 common frames omitted
15:04:59.759 [main] DEBUG at.kauderwelsch.LoggingExampel - error oc.
java.lang.RuntimeException: java.lang.ArithmeticException: / by zero
	at at.kauderwelsch.LoggingExampel.doSOmething(LoggingExampel.java:25)
	at at.kauderwelsch.LoggingExampel.exceptionHandler(LoggingExampel.java:13)
	at at.kauderwelsch.Main.doTestLoggingExample(Main.java:17)
	at at.kauderwelsch.Main.main(Main.java:11)
Caused by: java.lang.ArithmeticException: / by zero
	at at.kauderwelsch.LoggingExampel.doSOmething(LoggingExampel.java:23)
	... 3 common frames omitted
15:04:59.759 [main] DEBUG at.kauderwelsch.LoggingExampel - error oc.
java.lang.RuntimeException: java.lang.ArithmeticException: / by zero
	at at.kauderwelsch.LoggingExampel.doSOmething(LoggingExampel.java:25)
	at at.kauderwelsch.LoggingExampel.exceptionHandler(LoggingExampel.java:13)
	at at.kauderwelsch.Main.doTestLoggingExample(Main.java:17)
	at at.kauderwelsch.Main.main(Main.java:11)
Caused by: java.lang.ArithmeticException: / by zero
	at at.kauderwelsch.LoggingExampel.doSOmething(LoggingExampel.java:23)
	... 3 common frames omitted
15:05:00.565 [main] DEBUG at.kauderwelsch.LoggingExampel - error oc.
java.lang.RuntimeException: java.lang.ArithmeticException: / by zero
	at at.kauderwelsch.LoggingExampel.doSOmething(LoggingExampel.java:25)
	at at.kauderwelsch.LoggingExampel.exceptionHandler(LoggingExampel.java:13)
	at at.kauderwelsch.Main.doTestLoggingExample(Main.java:17)
	at at.kauderwelsch.Main.main(Main.java:11)
Caused by: java.lang.ArithmeticException: / by zero
	at at.kauderwelsch.LoggingExampel.doSOmething(LoggingExampel.java:23)
	... 3 common frames omitted
15:05:00.565 [main] DEBUG at.kauderwelsch.LoggingExampel - error oc.
java.lang.RuntimeException: java.lang.ArithmeticException: / by zero
	at at.kauderwelsch.LoggingExampel.doSOmething(LoggingExampel.java:25)
	at at.kauderwelsch.LoggingExampel.exceptionHandler(LoggingExampel.java:13)
	at at.kauderwelsch.Main.doTestLoggingExample(Main.java:17)
	at at.kauderwelsch.Main.main(Main.java:11)
Caused by: java.lang.ArithmeticException: / by zero
	at at.kauderwelsch.LoggingExampel.doSOmething(LoggingExampel.java:23)
	... 3 common frames omitted
15:05:01.367 [main] DEBUG at.kauderwelsch.LoggingExampel - error oc.
java.lang.RuntimeException: java.lang.ArithmeticException: / by zero
	at at.kauderwelsch.LoggingExampel.doSOmething(LoggingExampel.java:25)
	at at.kauderwelsch.LoggingExampel.exceptionHandler(LoggingExampel.java:13)
	at at.kauderwelsch.Main.doTestLoggingExample(Main.java:17)
	at at.kauderwelsch.Main.main(Main.java:11)
Caused by: java.lang.ArithmeticException: / by zero
	at at.kauderwelsch.LoggingExampel.doSOmething(LoggingExampel.java:23)
	... 3 common frames omitted
15:05:01.367 [main] DEBUG at.kauderwelsch.LoggingExampel - error oc.
java.lang.RuntimeException: java.lang.ArithmeticException: / by zero
	at at.kauderwelsch.LoggingExampel.doSOmething(LoggingExampel.java:25)
	at at.kauderwelsch.LoggingExampel.exceptionHandler(LoggingExampel.java:13)
	at at.kauderwelsch.Main.doTestLoggingExample(Main.java:17)
	at at.kauderwelsch.Main.main(Main.java:11)
Caused by: java.lang.ArithmeticException: / by zero
	at at.kauderwelsch.LoggingExampel.doSOmething(LoggingExampel.java:23)
	... 3 common frames omitted
15:05:02.173 [main] DEBUG at.kauderwelsch.LoggingExampel - error oc.
java.lang.RuntimeException: java.lang.ArithmeticException: / by zero
	at at.kauderwelsch.LoggingExampel.doSOmething(LoggingExampel.java:25)
	at at.kauderwelsch.LoggingExampel.exceptionHandler(LoggingExampel.java:13)
	at at.kauderwelsch.Main.doTestLoggingExample(Main.java:17)
	at at.kauderwelsch.Main.main(Main.java:11)
Caused by: java.lang.ArithmeticException: / by zero
	at at.kauderwelsch.LoggingExampel.doSOmething(LoggingExampel.java:23)
	... 3 common frames omitted
15:05:02.173 [main] DEBUG at.kauderwelsch.LoggingExampel - error oc.
java.lang.RuntimeException: java.lang.ArithmeticException: / by zero
	at at.kauderwelsch.LoggingExampel.doSOmething(LoggingExampel.java:25)
	at at.kauderwelsch.LoggingExampel.exceptionHandler(LoggingExampel.java:13)
	at at.kauderwelsch.Main.doTestLoggingExample(Main.java:17)
	at at.kauderwelsch.Main.main(Main.java:11)
Caused by: java.lang.ArithmeticException: / by zero
	at at.kauderwelsch.LoggingExampel.doSOmething(LoggingExampel.java:23)
	... 3 common frames omitted
15:05:02.976 [main] DEBUG at.kauderwelsch.LoggingExampel - error oc.
java.lang.RuntimeException: java.lang.ArithmeticException: / by zero
	at at.kauderwelsch.LoggingExampel.doSOmething(LoggingExampel.java:25)
	at at.kauderwelsch.LoggingExampel.exceptionHandler(LoggingExampel.java:13)
	at at.kauderwelsch.Main.doTestLoggingExample(Main.java:17)
	at at.kauderwelsch.Main.main(Main.java:11)
Caused by: java.lang.ArithmeticException: / by zero
	at at.kauderwelsch.LoggingExampel.doSOmething(LoggingExampel.java:23)
	... 3 common frames omitted
15:05:02.976 [main] DEBUG at.kauderwelsch.LoggingExampel - error oc.
java.lang.RuntimeException: java.lang.ArithmeticException: / by zero
	at at.kauderwelsch.LoggingExampel.doSOmething(LoggingExampel.java:25)
	at at.kauderwelsch.LoggingExampel.exceptionHandler(LoggingExampel.java:13)
	at at.kauderwelsch.Main.doTestLoggingExample(Main.java:17)
	at at.kauderwelsch.Main.main(Main.java:11)
Caused by: java.lang.ArithmeticException: / by zero
	at at.kauderwelsch.LoggingExampel.doSOmething(LoggingExampel.java:23)
	... 3 common frames omitted
15:05:03.777 [main] DEBUG at.kauderwelsch.LoggingExampel - error oc.
java.lang.RuntimeException: java.lang.ArithmeticException: / by zero
	at at.kauderwelsch.LoggingExampel.doSOmething(LoggingExampel.java:25)
	at at.kauderwelsch.LoggingExampel.exceptionHandler(LoggingExampel.java:13)
	at at.kauderwelsch.Main.doTestLoggingExample(Main.java:17)
	at at.kauderwelsch.Main.main(Main.java:11)
Caused by: java.lang.ArithmeticException: / by zero
	at at.kauderwelsch.LoggingExampel.doSOmething(LoggingExampel.java:23)
	... 3 common frames omitted
15:05:03.777 [main] DEBUG at.kauderwelsch.LoggingExampel - error oc.
java.lang.RuntimeException: java.lang.ArithmeticException: / by zero
	at at.kauderwelsch.LoggingExampel.doSOmething(LoggingExampel.java:25)
	at at.kauderwelsch.LoggingExampel.exceptionHandler(LoggingExampel.java:13)
	at at.kauderwelsch.Main.doTestLoggingExample(Main.java:17)
	at at.kauderwelsch.Main.main(Main.java:11)
Caused by: java.lang.ArithmeticException: / by zero
	at at.kauderwelsch.LoggingExampel.doSOmething(LoggingExampel.java:23)
	... 3 common frames omitted
15:05:04.583 [main] DEBUG at.kauderwelsch.LoggingExampel - error oc.
java.lang.RuntimeException: java.lang.ArithmeticException: / by zero
	at at.kauderwelsch.LoggingExampel.doSOmething(LoggingExampel.java:25)
	at at.kauderwelsch.LoggingExampel.exceptionHandler(LoggingExampel.java:13)
	at at.kauderwelsch.Main.doTestLoggingExample(Main.java:17)
	at at.kauderwelsch.Main.main(Main.java:11)
Caused by: java.lang.ArithmeticException: / by zero
	at at.kauderwelsch.LoggingExampel.doSOmething(LoggingExampel.java:23)
	... 3 common frames omitted
15:05:04.583 [main] DEBUG at.kauderwelsch.LoggingExampel - error oc.
java.lang.RuntimeException: java.lang.ArithmeticException: / by zero
	at at.kauderwelsch.LoggingExampel.doSOmething(LoggingExampel.java:25)
	at at.kauderwelsch.LoggingExampel.exceptionHandler(LoggingExampel.java:13)
	at at.kauderwelsch.Main.doTestLoggingExample(Main.java:17)
	at at.kauderwelsch.Main.main(Main.java:11)
Caused by: java.lang.ArithmeticException: / by zero
	at at.kauderwelsch.LoggingExampel.doSOmething(LoggingExampel.java:23)
	... 3 common frames omitted
15:05:05.385 [main] DEBUG at.kauderwelsch.LoggingExampel - error oc.
java.lang.RuntimeException: java.lang.ArithmeticException: / by zero
	at at.kauderwelsch.LoggingExampel.doSOmething(LoggingExampel.java:25)
	at at.kauderwelsch.LoggingExampel.exceptionHandler(LoggingExampel.java:13)
	at at.kauderwelsch.Main.doTestLoggingExample(Main.java:17)
	at at.kauderwelsch.Main.main(Main.java:11)
Caused by: java.lang.ArithmeticException: / by zero
	at at.kauderwelsch.LoggingExampel.doSOmething(LoggingExampel.java:23)
	... 3 common frames omitted
15:05:05.385 [main] DEBUG at.kauderwelsch.LoggingExampel - error oc.
java.lang.RuntimeException: java.lang.ArithmeticException: / by zero
	at at.kauderwelsch.LoggingExampel.doSOmething(LoggingExampel.java:25)
	at at.kauderwelsch.LoggingExampel.exceptionHandler(LoggingExampel.java:13)
	at at.kauderwelsch.Main.doTestLoggingExample(Main.java:17)
	at at.kauderwelsch.Main.main(Main.java:11)
Caused by: java.lang.ArithmeticException: / by zero
	at at.kauderwelsch.LoggingExampel.doSOmething(LoggingExampel.java:23)
	... 3 common frames omitted
15:05:06.190 [main] DEBUG at.kauderwelsch.LoggingExampel - error oc.
java.lang.RuntimeException: java.lang.ArithmeticException: / by zero
	at at.kauderwelsch.LoggingExampel.doSOmething(LoggingExampel.java:25)
	at at.kauderwelsch.LoggingExampel.exceptionHandler(LoggingExampel.java:13)
	at at.kauderwelsch.Main.doTestLoggingExample(Main.java:17)
	at at.kauderwelsch.Main.main(Main.java:11)
Caused by: java.lang.ArithmeticException: / by zero
	at at.kauderwelsch.LoggingExampel.doSOmething(LoggingExampel.java:23)
	... 3 common frames omitted
15:05:06.190 [main] DEBUG at.kauderwelsch.LoggingExampel - error oc.
java.lang.RuntimeException: java.lang.ArithmeticException: / by zero
	at at.kauderwelsch.LoggingExampel.doSOmething(LoggingExampel.java:25)
	at at.kauderwelsch.LoggingExampel.exceptionHandler(LoggingExampel.java:13)
	at at.kauderwelsch.Main.doTestLoggingExample(Main.java:17)
	at at.kauderwelsch.Main.main(Main.java:11)
Caused by: java.lang.ArithmeticException: / by zero
	at at.kauderwelsch.LoggingExampel.doSOmething(LoggingExampel.java:23)
	... 3 common frames omitted
15:05:06.993 [main] DEBUG at.kauderwelsch.LoggingExampel - error oc.
java.lang.RuntimeException: java.lang.ArithmeticException: / by zero
	at at.kauderwelsch.LoggingExampel.doSOmething(LoggingExampel.java:25)
	at at.kauderwelsch.LoggingExampel.exceptionHandler(LoggingExampel.java:13)
	at at.kauderwelsch.Main.doTestLoggingExample(Main.java:17)
	at at.kauderwelsch.Main.main(Main.java:11)
Caused by: java.lang.ArithmeticException: / by zero
	at at.kauderwelsch.LoggingExampel.doSOmething(LoggingExampel.java:23)
	... 3 common frames omitted
15:05:06.993 [main] DEBUG at.kauderwelsch.LoggingExampel - error oc.
java.lang.RuntimeException: java.lang.ArithmeticException: / by zero
	at at.kauderwelsch.LoggingExampel.doSOmething(LoggingExampel.java:25)
	at at.kauderwelsch.LoggingExampel.exceptionHandler(LoggingExampel.java:13)
	at at.kauderwelsch.Main.doTestLoggingExample(Main.java:17)
	at at.kauderwelsch.Main.main(Main.java:11)
Caused by: java.lang.ArithmeticException: / by zero
	at at.kauderwelsch.LoggingExampel.doSOmething(LoggingExampel.java:23)
	... 3 common frames omitted
15:05:07.796 [main] DEBUG at.kauderwelsch.LoggingExampel - error oc.
java.lang.RuntimeException: java.lang.ArithmeticException: / by zero
	at at.kauderwelsch.LoggingExampel.doSOmething(LoggingExampel.java:25)
	at at.kauderwelsch.LoggingExampel.exceptionHandler(LoggingExampel.java:13)
	at at.kauderwelsch.Main.doTestLoggingExample(Main.java:17)
	at at.kauderwelsch.Main.main(Main.java:11)
Caused by: java.lang.ArithmeticException: / by zero
	at at.kauderwelsch.LoggingExampel.doSOmething(LoggingExampel.java:23)
	... 3 common frames omitted
15:05:07.796 [main] DEBUG at.kauderwelsch.LoggingExampel - error oc.
java.lang.RuntimeException: java.lang.ArithmeticException: / by zero
	at at.kauderwelsch.LoggingExampel.doSOmething(LoggingExampel.java:25)
	at at.kauderwelsch.LoggingExampel.exceptionHandler(LoggingExampel.java:13)
	at at.kauderwelsch.Main.doTestLoggingExample(Main.java:17)
	at at.kauderwelsch.Main.main(Main.java:11)
Caused by: java.lang.ArithmeticException: / by zero
	at at.kauderwelsch.LoggingExampel.doSOmething(LoggingExampel.java:23)
	... 3 common frames omitted
15:05:08.596 [main] DEBUG at.kauderwelsch.LoggingExampel - error oc.
java.lang.RuntimeException: java.lang.ArithmeticException: / by zero
	at at.kauderwelsch.LoggingExampel.doSOmething(LoggingExampel.java:25)
	at at.kauderwelsch.LoggingExampel.exceptionHandler(LoggingExampel.java:13)
	at at.kauderwelsch.Main.doTestLoggingExample(Main.java:17)
	at at.kauderwelsch.Main.main(Main.java:11)
Caused by: java.lang.ArithmeticException: / by zero
	at at.kauderwelsch.LoggingExampel.doSOmething(LoggingExampel.java:23)
	... 3 common frames omitted
15:05:08.596 [main] DEBUG at.kauderwelsch.LoggingExampel - error oc.
java.lang.RuntimeException: java.lang.ArithmeticException: / by zero
	at at.kauderwelsch.LoggingExampel.doSOmething(LoggingExampel.java:25)
	at at.kauderwelsch.LoggingExampel.exceptionHandler(LoggingExampel.java:13)
	at at.kauderwelsch.Main.doTestLoggingExample(Main.java:17)
	at at.kauderwelsch.Main.main(Main.java:11)
Caused by: java.lang.ArithmeticException: / by zero
	at at.kauderwelsch.LoggingExampel.doSOmething(LoggingExampel.java:23)
	... 3 common frames omitted
15:07:07.744 [main] INFO  at.kauderwelsch.Main - main-method is running
15:07:07.749 [main] DEBUG at.kauderwelsch.LoggingExampel - error oc.
java.lang.RuntimeException: java.lang.ArithmeticException: / by zero
	at at.kauderwelsch.LoggingExampel.doSOmething(LoggingExampel.java:25)
	at at.kauderwelsch.LoggingExampel.exceptionHandler(LoggingExampel.java:13)
	at at.kauderwelsch.Main.doTestLoggingExample(Main.java:17)
	at at.kauderwelsch.Main.main(Main.java:11)
Caused by: java.lang.ArithmeticException: / by zero
	at at.kauderwelsch.LoggingExampel.doSOmething(LoggingExampel.java:23)
	... 3 common frames omitted
15:07:07.749 [main] DEBUG at.kauderwelsch.LoggingExampel - error oc.
java.lang.RuntimeException: java.lang.ArithmeticException: / by zero
	at at.kauderwelsch.LoggingExampel.doSOmething(LoggingExampel.java:25)
	at at.kauderwelsch.LoggingExampel.exceptionHandler(LoggingExampel.java:13)
	at at.kauderwelsch.Main.doTestLoggingExample(Main.java:17)
	at at.kauderwelsch.Main.main(Main.java:11)
Caused by: java.lang.ArithmeticException: / by zero
	at at.kauderwelsch.LoggingExampel.doSOmething(LoggingExampel.java:23)
	... 3 common frames omitted
15:07:37.755 [main] DEBUG at.kauderwelsch.LoggingExampel - error oc.
java.lang.RuntimeException: java.lang.ArithmeticException: / by zero
	at at.kauderwelsch.LoggingExampel.doSOmething(LoggingExampel.java:25)
	at at.kauderwelsch.LoggingExampel.exceptionHandler(LoggingExampel.java:13)
	at at.kauderwelsch.Main.doTestLoggingExample(Main.java:17)
	at at.kauderwelsch.Main.main(Main.java:11)
Caused by: java.lang.ArithmeticException: / by zero
	at at.kauderwelsch.LoggingExampel.doSOmething(LoggingExampel.java:23)
	... 3 common frames omitted
15:07:37.755 [main] DEBUG at.kauderwelsch.LoggingExampel - error oc.
java.lang.RuntimeException: java.lang.ArithmeticException: / by zero
	at at.kauderwelsch.LoggingExampel.doSOmething(LoggingExampel.java:25)
	at at.kauderwelsch.LoggingExampel.exceptionHandler(LoggingExampel.java:13)
	at at.kauderwelsch.Main.doTestLoggingExample(Main.java:17)
	at at.kauderwelsch.Main.main(Main.java:11)
Caused by: java.lang.ArithmeticException: / by zero
	at at.kauderwelsch.LoggingExampel.doSOmething(LoggingExampel.java:23)
	... 3 common frames omitted
15:08:07.763 [main] DEBUG at.kauderwelsch.LoggingExampel - error oc.
java.lang.RuntimeException: java.lang.ArithmeticException: / by zero
	at at.kauderwelsch.LoggingExampel.doSOmething(LoggingExampel.java:25)
	at at.kauderwelsch.LoggingExampel.exceptionHandler(LoggingExampel.java:13)
	at at.kauderwelsch.Main.doTestLoggingExample(Main.java:17)
	at at.kauderwelsch.Main.main(Main.java:11)
Caused by: java.lang.ArithmeticException: / by zero
	at at.kauderwelsch.LoggingExampel.doSOmething(LoggingExampel.java:23)
	... 3 common frames omitted
15:08:07.763 [main] DEBUG at.kauderwelsch.LoggingExampel - error oc.
java.lang.RuntimeException: java.lang.ArithmeticException: / by zero
	at at.kauderwelsch.LoggingExampel.doSOmething(LoggingExampel.java:25)
	at at.kauderwelsch.LoggingExampel.exceptionHandler(LoggingExampel.java:13)
	at at.kauderwelsch.Main.doTestLoggingExample(Main.java:17)
	at at.kauderwelsch.Main.main(Main.java:11)
Caused by: java.lang.ArithmeticException: / by zero
	at at.kauderwelsch.LoggingExampel.doSOmething(LoggingExampel.java:23)
	... 3 common frames omitted
15:08:37.771 [main] DEBUG at.kauderwelsch.LoggingExampel - error oc.
java.lang.RuntimeException: java.lang.ArithmeticException: / by zero
	at at.kauderwelsch.LoggingExampel.doSOmething(LoggingExampel.java:25)
	at at.kauderwelsch.LoggingExampel.exceptionHandler(LoggingExampel.java:13)
	at at.kauderwelsch.Main.doTestLoggingExample(Main.java:17)
	at at.kauderwelsch.Main.main(Main.java:11)
Caused by: java.lang.ArithmeticException: / by zero
	at at.kauderwelsch.LoggingExampel.doSOmething(LoggingExampel.java:23)
	... 3 common frames omitted
15:08:37.771 [main] DEBUG at.kauderwelsch.LoggingExampel - error oc.
java.lang.RuntimeException: java.lang.ArithmeticException: / by zero
	at at.kauderwelsch.LoggingExampel.doSOmething(LoggingExampel.java:25)
	at at.kauderwelsch.LoggingExampel.exceptionHandler(LoggingExampel.java:13)
	at at.kauderwelsch.Main.doTestLoggingExample(Main.java:17)
	at at.kauderwelsch.Main.main(Main.java:11)
Caused by: java.lang.ArithmeticException: / by zero
	at at.kauderwelsch.LoggingExampel.doSOmething(LoggingExampel.java:23)
	... 3 common frames omitted
15:09:07.778 [main] DEBUG at.kauderwelsch.LoggingExampel - error oc.
java.lang.RuntimeException: java.lang.ArithmeticException: / by zero
	at at.kauderwelsch.LoggingExampel.doSOmething(LoggingExampel.java:25)
	at at.kauderwelsch.LoggingExampel.exceptionHandler(LoggingExampel.java:13)
	at at.kauderwelsch.Main.doTestLoggingExample(Main.java:17)
	at at.kauderwelsch.Main.main(Main.java:11)
Caused by: java.lang.ArithmeticException: / by zero
	at at.kauderwelsch.LoggingExampel.doSOmething(LoggingExampel.java:23)
	... 3 common frames omitted
15:09:07.778 [main] DEBUG at.kauderwelsch.LoggingExampel - error oc.
java.lang.RuntimeException: java.lang.ArithmeticException: / by zero
	at at.kauderwelsch.LoggingExampel.doSOmething(LoggingExampel.java:25)
	at at.kauderwelsch.LoggingExampel.exceptionHandler(LoggingExampel.java:13)
	at at.kauderwelsch.Main.doTestLoggingExample(Main.java:17)
	at at.kauderwelsch.Main.main(Main.java:11)
Caused by: java.lang.ArithmeticException: / by zero
	at at.kauderwelsch.LoggingExampel.doSOmething(LoggingExampel.java:23)
	... 3 common frames omitted
15:09:37.782 [main] DEBUG at.kauderwelsch.LoggingExampel - error oc.
java.lang.RuntimeException: java.lang.ArithmeticException: / by zero
	at at.kauderwelsch.LoggingExampel.doSOmething(LoggingExampel.java:25)
	at at.kauderwelsch.LoggingExampel.exceptionHandler(LoggingExampel.java:13)
	at at.kauderwelsch.Main.doTestLoggingExample(Main.java:17)
	at at.kauderwelsch.Main.main(Main.java:11)
Caused by: java.lang.ArithmeticException: / by zero
	at at.kauderwelsch.LoggingExampel.doSOmething(LoggingExampel.java:23)
	... 3 common frames omitted
15:09:37.782 [main] DEBUG at.kauderwelsch.LoggingExampel - error oc.
java.lang.RuntimeException: java.lang.ArithmeticException: / by zero
	at at.kauderwelsch.LoggingExampel.doSOmething(LoggingExampel.java:25)
	at at.kauderwelsch.LoggingExampel.exceptionHandler(LoggingExampel.java:13)
	at at.kauderwelsch.Main.doTestLoggingExample(Main.java:17)
	at at.kauderwelsch.Main.main(Main.java:11)
Caused by: java.lang.ArithmeticException: / by zero
	at at.kauderwelsch.LoggingExampel.doSOmething(LoggingExampel.java:23)
	... 3 common frames omitted
15:10:07.793 [main] DEBUG at.kauderwelsch.LoggingExampel - error oc.
java.lang.RuntimeException: java.lang.ArithmeticException: / by zero
	at at.kauderwelsch.LoggingExampel.doSOmething(LoggingExampel.java:25)
	at at.kauderwelsch.LoggingExampel.exceptionHandler(LoggingExampel.java:13)
	at at.kauderwelsch.Main.doTestLoggingExample(Main.java:17)
	at at.kauderwelsch.Main.main(Main.java:11)
Caused by: java.lang.ArithmeticException: / by zero
	at at.kauderwelsch.LoggingExampel.doSOmething(LoggingExampel.java:23)
	... 3 common frames omitted
15:10:07.793 [main] DEBUG at.kauderwelsch.LoggingExampel - error oc.
java.lang.RuntimeException: java.lang.ArithmeticException: / by zero
	at at.kauderwelsch.LoggingExampel.doSOmething(LoggingExampel.java:25)
	at at.kauderwelsch.LoggingExampel.exceptionHandler(LoggingExampel.java:13)
	at at.kauderwelsch.Main.doTestLoggingExample(Main.java:17)
	at at.kauderwelsch.Main.main(Main.java:11)
Caused by: java.lang.ArithmeticException: / by zero
	at at.kauderwelsch.LoggingExampel.doSOmething(LoggingExampel.java:23)
	... 3 common frames omitted
15:10:37.813 [main] DEBUG at.kauderwelsch.LoggingExampel - error oc.
java.lang.RuntimeException: java.lang.ArithmeticException: / by zero
	at at.kauderwelsch.LoggingExampel.doSOmething(LoggingExampel.java:25)
	at at.kauderwelsch.LoggingExampel.exceptionHandler(LoggingExampel.java:13)
	at at.kauderwelsch.Main.doTestLoggingExample(Main.java:17)
	at at.kauderwelsch.Main.main(Main.java:11)
Caused by: java.lang.ArithmeticException: / by zero
	at at.kauderwelsch.LoggingExampel.doSOmething(LoggingExampel.java:23)
	... 3 common frames omitted
15:10:37.813 [main] DEBUG at.kauderwelsch.LoggingExampel - error oc.
java.lang.RuntimeException: java.lang.ArithmeticException: / by zero
	at at.kauderwelsch.LoggingExampel.doSOmething(LoggingExampel.java:25)
	at at.kauderwelsch.LoggingExampel.exceptionHandler(LoggingExampel.java:13)
	at at.kauderwelsch.Main.doTestLoggingExample(Main.java:17)
	at at.kauderwelsch.Main.main(Main.java:11)
Caused by: java.lang.ArithmeticException: / by zero
	at at.kauderwelsch.LoggingExampel.doSOmething(LoggingExampel.java:23)
	... 3 common frames omitted
15:11:07.821 [main] DEBUG at.kauderwelsch.LoggingExampel - error oc.
java.lang.RuntimeException: java.lang.ArithmeticException: / by zero
	at at.kauderwelsch.LoggingExampel.doSOmething(LoggingExampel.java:25)
	at at.kauderwelsch.LoggingExampel.exceptionHandler(LoggingExampel.java:13)
	at at.kauderwelsch.Main.doTestLoggingExample(Main.java:17)
	at at.kauderwelsch.Main.main(Main.java:11)
Caused by: java.lang.ArithmeticException: / by zero
	at at.kauderwelsch.LoggingExampel.doSOmething(LoggingExampel.java:23)
	... 3 common frames omitted
15:11:07.821 [main] DEBUG at.kauderwelsch.LoggingExampel - error oc.
java.lang.RuntimeException: java.lang.ArithmeticException: / by zero
	at at.kauderwelsch.LoggingExampel.doSOmething(LoggingExampel.java:25)
	at at.kauderwelsch.LoggingExampel.exceptionHandler(LoggingExampel.java:13)
	at at.kauderwelsch.Main.doTestLoggingExample(Main.java:17)
	at at.kauderwelsch.Main.main(Main.java:11)
Caused by: java.lang.ArithmeticException: / by zero
	at at.kauderwelsch.LoggingExampel.doSOmething(LoggingExampel.java:23)
	... 3 common frames omitted
15:12:08.609 [main] DEBUG at.kauderwelsch.LoggingExampel - error oc.
java.lang.RuntimeException: java.lang.ArithmeticException: / by zero
	at at.kauderwelsch.LoggingExampel.doSOmething(LoggingExampel.java:25)
	at at.kauderwelsch.LoggingExampel.exceptionHandler(LoggingExampel.java:13)
	at at.kauderwelsch.Main.doTestLoggingExample(Main.java:17)
	at at.kauderwelsch.Main.main(Main.java:11)
Caused by: java.lang.ArithmeticException: / by zero
	at at.kauderwelsch.LoggingExampel.doSOmething(LoggingExampel.java:23)
	... 3 common frames omitted
15:12:08.609 [main] DEBUG at.kauderwelsch.LoggingExampel - error oc.
java.lang.RuntimeException: java.lang.ArithmeticException: / by zero
	at at.kauderwelsch.LoggingExampel.doSOmething(LoggingExampel.java:25)
	at at.kauderwelsch.LoggingExampel.exceptionHandler(LoggingExampel.java:13)
	at at.kauderwelsch.Main.doTestLoggingExample(Main.java:17)
	at at.kauderwelsch.Main.main(Main.java:11)
Caused by: java.lang.ArithmeticException: / by zero
	at at.kauderwelsch.LoggingExampel.doSOmething(LoggingExampel.java:23)
	... 3 common frames omitted
15:16:07.198 [main] DEBUG at.kauderwelsch.LoggingExampel - error oc.
java.lang.RuntimeException: java.lang.ArithmeticException: / by zero
	at at.kauderwelsch.LoggingExampel.doSOmething(LoggingExampel.java:25)
	at at.kauderwelsch.LoggingExampel.exceptionHandler(LoggingExampel.java:13)
	at at.kauderwelsch.Main.doTestLoggingExample(Main.java:17)
	at at.kauderwelsch.Main.main(Main.java:11)
Caused by: java.lang.ArithmeticException: / by zero
	at at.kauderwelsch.LoggingExampel.doSOmething(LoggingExampel.java:23)
	... 3 common frames omitted
15:16:07.198 [main] DEBUG at.kauderwelsch.LoggingExampel - error oc.
java.lang.RuntimeException: java.lang.ArithmeticException: / by zero
	at at.kauderwelsch.LoggingExampel.doSOmething(LoggingExampel.java:25)
	at at.kauderwelsch.LoggingExampel.exceptionHandler(LoggingExampel.java:13)
	at at.kauderwelsch.Main.doTestLoggingExample(Main.java:17)
	at at.kauderwelsch.Main.main(Main.java:11)
Caused by: java.lang.ArithmeticException: / by zero
	at at.kauderwelsch.LoggingExampel.doSOmething(LoggingExampel.java:23)
	... 3 common frames omitted
15:16:37.210 [main] DEBUG at.kauderwelsch.LoggingExampel - error oc.
java.lang.RuntimeException: java.lang.ArithmeticException: / by zero
	at at.kauderwelsch.LoggingExampel.doSOmething(LoggingExampel.java:25)
	at at.kauderwelsch.LoggingExampel.exceptionHandler(LoggingExampel.java:13)
	at at.kauderwelsch.Main.doTestLoggingExample(Main.java:17)
	at at.kauderwelsch.Main.main(Main.java:11)
Caused by: java.lang.ArithmeticException: / by zero
	at at.kauderwelsch.LoggingExampel.doSOmething(LoggingExampel.java:23)
	... 3 common frames omitted
15:16:37.210 [main] DEBUG at.kauderwelsch.LoggingExampel - error oc.
java.lang.RuntimeException: java.lang.ArithmeticException: / by zero
	at at.kauderwelsch.LoggingExampel.doSOmething(LoggingExampel.java:25)
	at at.kauderwelsch.LoggingExampel.exceptionHandler(LoggingExampel.java:13)
	at at.kauderwelsch.Main.doTestLoggingExample(Main.java:17)
	at at.kauderwelsch.Main.main(Main.java:11)
Caused by: java.lang.ArithmeticException: / by zero
	at at.kauderwelsch.LoggingExampel.doSOmething(LoggingExampel.java:23)
	... 3 common frames omitted
15:18:15.513 [main] DEBUG at.kauderwelsch.LoggingExampel - error oc.
java.lang.RuntimeException: java.lang.ArithmeticException: / by zero
	at at.kauderwelsch.LoggingExampel.doSOmething(LoggingExampel.java:25)
	at at.kauderwelsch.LoggingExampel.exceptionHandler(LoggingExampel.java:13)
	at at.kauderwelsch.Main.doTestLoggingExample(Main.java:17)
	at at.kauderwelsch.Main.main(Main.java:11)
Caused by: java.lang.ArithmeticException: / by zero
	at at.kauderwelsch.LoggingExampel.doSOmething(LoggingExampel.java:23)
	... 3 common frames omitted
15:18:15.513 [main] DEBUG at.kauderwelsch.LoggingExampel - error oc.
java.lang.RuntimeException: java.lang.ArithmeticException: / by zero
	at at.kauderwelsch.LoggingExampel.doSOmething(LoggingExampel.java:25)
	at at.kauderwelsch.LoggingExampel.exceptionHandler(LoggingExampel.java:13)
	at at.kauderwelsch.Main.doTestLoggingExample(Main.java:17)
	at at.kauderwelsch.Main.main(Main.java:11)
Caused by: java.lang.ArithmeticException: / by zero
	at at.kauderwelsch.LoggingExampel.doSOmething(LoggingExampel.java:23)
	... 3 common frames omitted
15:19:54.928 [main] DEBUG at.kauderwelsch.LoggingExampel - error oc.
java.lang.RuntimeException: java.lang.ArithmeticException: / by zero
	at at.kauderwelsch.LoggingExampel.doSOmething(LoggingExampel.java:25)
	at at.kauderwelsch.LoggingExampel.exceptionHandler(LoggingExampel.java:13)
	at at.kauderwelsch.Main.doTestLoggingExample(Main.java:17)
	at at.kauderwelsch.Main.main(Main.java:11)
Caused by: java.lang.ArithmeticException: / by zero
	at at.kauderwelsch.LoggingExampel.doSOmething(LoggingExampel.java:23)
	... 3 common frames omitted
15:19:54.928 [main] DEBUG at.kauderwelsch.LoggingExampel - error oc.
java.lang.RuntimeException: java.lang.ArithmeticException: / by zero
	at at.kauderwelsch.LoggingExampel.doSOmething(LoggingExampel.java:25)
	at at.kauderwelsch.LoggingExampel.exceptionHandler(LoggingExampel.java:13)
	at at.kauderwelsch.Main.doTestLoggingExample(Main.java:17)
	at at.kauderwelsch.Main.main(Main.java:11)
Caused by: java.lang.ArithmeticException: / by zero
	at at.kauderwelsch.LoggingExampel.doSOmething(LoggingExampel.java:23)
	... 3 common frames omitted
15:20:25.682 [main] DEBUG at.kauderwelsch.LoggingExampel - error oc.
java.lang.RuntimeException: java.lang.ArithmeticException: / by zero
	at at.kauderwelsch.LoggingExampel.doSOmething(LoggingExampel.java:25)
	at at.kauderwelsch.LoggingExampel.exceptionHandler(LoggingExampel.java:13)
	at at.kauderwelsch.Main.doTestLoggingExample(Main.java:17)
	at at.kauderwelsch.Main.main(Main.java:11)
Caused by: java.lang.ArithmeticException: / by zero
	at at.kauderwelsch.LoggingExampel.doSOmething(LoggingExampel.java:23)
	... 3 common frames omitted
15:20:25.682 [main] DEBUG at.kauderwelsch.LoggingExampel - error oc.
java.lang.RuntimeException: java.lang.ArithmeticException: / by zero
	at at.kauderwelsch.LoggingExampel.doSOmething(LoggingExampel.java:25)
	at at.kauderwelsch.LoggingExampel.exceptionHandler(LoggingExampel.java:13)
	at at.kauderwelsch.Main.doTestLoggingExample(Main.java:17)
	at at.kauderwelsch.Main.main(Main.java:11)
Caused by: java.lang.ArithmeticException: / by zero
	at at.kauderwelsch.LoggingExampel.doSOmething(LoggingExampel.java:23)
	... 3 common frames omitted
15:21:30.998 [main] DEBUG at.kauderwelsch.LoggingExampel - error oc.
java.lang.RuntimeException: java.lang.ArithmeticException: / by zero
	at at.kauderwelsch.LoggingExampel.doSOmething(LoggingExampel.java:25)
	at at.kauderwelsch.LoggingExampel.exceptionHandler(LoggingExampel.java:13)
	at at.kauderwelsch.Main.doTestLoggingExample(Main.java:17)
	at at.kauderwelsch.Main.main(Main.java:11)
Caused by: java.lang.ArithmeticException: / by zero
	at at.kauderwelsch.LoggingExampel.doSOmething(LoggingExampel.java:23)
	... 3 common frames omitted
15:21:30.998 [main] DEBUG at.kauderwelsch.LoggingExampel - error oc.
java.lang.RuntimeException: java.lang.ArithmeticException: / by zero
	at at.kauderwelsch.LoggingExampel.doSOmething(LoggingExampel.java:25)
	at at.kauderwelsch.LoggingExampel.exceptionHandler(LoggingExampel.java:13)
	at at.kauderwelsch.Main.doTestLoggingExample(Main.java:17)
	at at.kauderwelsch.Main.main(Main.java:11)
Caused by: java.lang.ArithmeticException: / by zero
	at at.kauderwelsch.LoggingExampel.doSOmething(LoggingExampel.java:23)
	... 3 common frames omitted
15:22:01.002 [main] DEBUG at.kauderwelsch.LoggingExampel - error oc.
java.lang.RuntimeException: java.lang.ArithmeticException: / by zero
	at at.kauderwelsch.LoggingExampel.doSOmething(LoggingExampel.java:25)
	at at.kauderwelsch.LoggingExampel.exceptionHandler(LoggingExampel.java:13)
	at at.kauderwelsch.Main.doTestLoggingExample(Main.java:17)
	at at.kauderwelsch.Main.main(Main.java:11)
Caused by: java.lang.ArithmeticException: / by zero
	at at.kauderwelsch.LoggingExampel.doSOmething(LoggingExampel.java:23)
	... 3 common frames omitted
15:22:01.002 [main] DEBUG at.kauderwelsch.LoggingExampel - error oc.
java.lang.RuntimeException: java.lang.ArithmeticException: / by zero
	at at.kauderwelsch.LoggingExampel.doSOmething(LoggingExampel.java:25)
	at at.kauderwelsch.LoggingExampel.exceptionHandler(LoggingExampel.java:13)
	at at.kauderwelsch.Main.doTestLoggingExample(Main.java:17)
	at at.kauderwelsch.Main.main(Main.java:11)
Caused by: java.lang.ArithmeticException: / by zero
	at at.kauderwelsch.LoggingExampel.doSOmething(LoggingExampel.java:23)
	... 3 common frames omitted
15:22:31.008 [main] DEBUG at.kauderwelsch.LoggingExampel - error oc.
java.lang.RuntimeException: java.lang.ArithmeticException: / by zero
	at at.kauderwelsch.LoggingExampel.doSOmething(LoggingExampel.java:25)
	at at.kauderwelsch.LoggingExampel.exceptionHandler(LoggingExampel.java:13)
	at at.kauderwelsch.Main.doTestLoggingExample(Main.java:17)
	at at.kauderwelsch.Main.main(Main.java:11)
Caused by: java.lang.ArithmeticException: / by zero
	at at.kauderwelsch.LoggingExampel.doSOmething(LoggingExampel.java:23)
	... 3 common frames omitted
15:22:31.008 [main] DEBUG at.kauderwelsch.LoggingExampel - error oc.
java.lang.RuntimeException: java.lang.ArithmeticException: / by zero
	at at.kauderwelsch.LoggingExampel.doSOmething(LoggingExampel.java:25)
	at at.kauderwelsch.LoggingExampel.exceptionHandler(LoggingExampel.java:13)
	at at.kauderwelsch.Main.doTestLoggingExample(Main.java:17)
	at at.kauderwelsch.Main.main(Main.java:11)
Caused by: java.lang.ArithmeticException: / by zero
	at at.kauderwelsch.LoggingExampel.doSOmething(LoggingExampel.java:23)
	... 3 common frames omitted
15:23:01.010 [main] DEBUG at.kauderwelsch.LoggingExampel - error oc.
java.lang.RuntimeException: java.lang.ArithmeticException: / by zero
	at at.kauderwelsch.LoggingExampel.doSOmething(LoggingExampel.java:25)
	at at.kauderwelsch.LoggingExampel.exceptionHandler(LoggingExampel.java:13)
	at at.kauderwelsch.Main.doTestLoggingExample(Main.java:17)
	at at.kauderwelsch.Main.main(Main.java:11)
Caused by: java.lang.ArithmeticException: / by zero
	at at.kauderwelsch.LoggingExampel.doSOmething(LoggingExampel.java:23)
	... 3 common frames omitted
15:23:01.010 [main] DEBUG at.kauderwelsch.LoggingExampel - error oc.
java.lang.RuntimeException: java.lang.ArithmeticException: / by zero
	at at.kauderwelsch.LoggingExampel.doSOmething(LoggingExampel.java:25)
	at at.kauderwelsch.LoggingExampel.exceptionHandler(LoggingExampel.java:13)
	at at.kauderwelsch.Main.doTestLoggingExample(Main.java:17)
	at at.kauderwelsch.Main.main(Main.java:11)
Caused by: java.lang.ArithmeticException: / by zero
	at at.kauderwelsch.LoggingExampel.doSOmething(LoggingExampel.java:23)
	... 3 common frames omitted
15:23:31.014 [main] DEBUG at.kauderwelsch.LoggingExampel - error oc.
java.lang.RuntimeException: java.lang.ArithmeticException: / by zero
	at at.kauderwelsch.LoggingExampel.doSOmething(LoggingExampel.java:25)
	at at.kauderwelsch.LoggingExampel.exceptionHandler(LoggingExampel.java:13)
	at at.kauderwelsch.Main.doTestLoggingExample(Main.java:17)
	at at.kauderwelsch.Main.main(Main.java:11)
Caused by: java.lang.ArithmeticException: / by zero
	at at.kauderwelsch.LoggingExampel.doSOmething(LoggingExampel.java:23)
	... 3 common frames omitted
15:23:31.014 [main] DEBUG at.kauderwelsch.LoggingExampel - error oc.
java.lang.RuntimeException: java.lang.ArithmeticException: / by zero
	at at.kauderwelsch.LoggingExampel.doSOmething(LoggingExampel.java:25)
	at at.kauderwelsch.LoggingExampel.exceptionHandler(LoggingExampel.java:13)
	at at.kauderwelsch.Main.doTestLoggingExample(Main.java:17)
	at at.kauderwelsch.Main.main(Main.java:11)
Caused by: java.lang.ArithmeticException: / by zero
	at at.kauderwelsch.LoggingExampel.doSOmething(LoggingExampel.java:23)
	... 3 common frames omitted
15:24:01.018 [main] DEBUG at.kauderwelsch.LoggingExampel - error oc.
java.lang.RuntimeException: java.lang.ArithmeticException: / by zero
	at at.kauderwelsch.LoggingExampel.doSOmething(LoggingExampel.java:25)
	at at.kauderwelsch.LoggingExampel.exceptionHandler(LoggingExampel.java:13)
	at at.kauderwelsch.Main.doTestLoggingExample(Main.java:17)
	at at.kauderwelsch.Main.main(Main.java:11)
Caused by: java.lang.ArithmeticException: / by zero
	at at.kauderwelsch.LoggingExampel.doSOmething(LoggingExampel.java:23)
	... 3 common frames omitted
15:24:01.018 [main] DEBUG at.kauderwelsch.LoggingExampel - error oc.
java.lang.RuntimeException: java.lang.ArithmeticException: / by zero
	at at.kauderwelsch.LoggingExampel.doSOmething(LoggingExampel.java:25)
	at at.kauderwelsch.LoggingExampel.exceptionHandler(LoggingExampel.java:13)
	at at.kauderwelsch.Main.doTestLoggingExample(Main.java:17)
	at at.kauderwelsch.Main.main(Main.java:11)
Caused by: java.lang.ArithmeticException: / by zero
	at at.kauderwelsch.LoggingExampel.doSOmething(LoggingExampel.java:23)
	... 3 common frames omitted
15:24:31.025 [main] DEBUG at.kauderwelsch.LoggingExampel - error oc.
java.lang.RuntimeException: java.lang.ArithmeticException: / by zero
	at at.kauderwelsch.LoggingExampel.doSOmething(LoggingExampel.java:25)
	at at.kauderwelsch.LoggingExampel.exceptionHandler(LoggingExampel.java:13)
	at at.kauderwelsch.Main.doTestLoggingExample(Main.java:17)
	at at.kauderwelsch.Main.main(Main.java:11)
Caused by: java.lang.ArithmeticException: / by zero
	at at.kauderwelsch.LoggingExampel.doSOmething(LoggingExampel.java:23)
	... 3 common frames omitted
15:24:31.025 [main] DEBUG at.kauderwelsch.LoggingExampel - error oc.
java.lang.RuntimeException: java.lang.ArithmeticException: / by zero
	at at.kauderwelsch.LoggingExampel.doSOmething(LoggingExampel.java:25)
	at at.kauderwelsch.LoggingExampel.exceptionHandler(LoggingExampel.java:13)
	at at.kauderwelsch.Main.doTestLoggingExample(Main.java:17)
	at at.kauderwelsch.Main.main(Main.java:11)
Caused by: java.lang.ArithmeticException: / by zero
	at at.kauderwelsch.LoggingExampel.doSOmething(LoggingExampel.java:23)
	... 3 common frames omitted
07:32:52.079 [main] INFO  at.kauderwelsch.Main - main-method is running
07:32:52.083 [main] INFO  at.kauderwelsch.Main - send mail: = 60 CHARS
07:32:52.611 [main] INFO  at.kauderwelsch.Main - send mail: = 65 CHARS
07:40:56.128 [main] INFO  at.kauderwelsch.Main - main-method is running
07:40:56.130 [main] INFO  at.kauderwelsch.Main - send mail: = 60 CHARS
07:40:56.573 [main] INFO  at.kauderwelsch.Main - send mail: = 65 CHARS
08:13:22.932 [main] INFO  at.kauderwelsch.Main - main-method is running
08:14:14.591 [main] INFO  at.kauderwelsch.Main - main-method is running
08:17:39.691 [main] INFO  at.kauderwelsch.Main - main-method is running
08:17:57.685 [main] INFO  at.kauderwelsch.Main - main-method is running
08:19:02.636 [main] INFO  at.kauderwelsch.Main - main-method is running
08:19:30.094 [main] INFO  at.kauderwelsch.Main - main-method is running
08:22:41.408 [main] INFO  at.kauderwelsch.Main - main-method is running
08:25:03.575 [main] INFO  at.kauderwelsch.Main - main-method is running
08:25:36.203 [main] INFO  at.kauderwelsch.Main - main-method is running
08:25:56.817 [main] INFO  at.kauderwelsch.Main - main-method is running
08:31:36.109 [main] INFO  at.kauderwelsch.Main - main-method is running
08:33:08.091 [main] INFO  at.kauderwelsch.Main - main-method is running
08:34:17.546 [main] INFO  at.kauderwelsch.Main - main-method is running
08:34:33.451 [main] INFO  at.kauderwelsch.Main - main-method is running
11:32:16.657 [main] INFO  at.kauderwelsch.Main - main-method is running
11:34:36.954 [main] INFO  at.kauderwelsch.Main - main-method is running
11:35:08.334 [main] INFO  at.kauderwelsch.Main - main-method is running
11:36:50.485 [main] INFO  at.kauderwelsch.Main - main-method is running
11:38:17.292 [main] INFO  at.kauderwelsch.Main - main-method is running
11:38:24.979 [main] INFO  at.kauderwelsch.Main - main-method is running
12:27:39.127 [main] INFO  at.kauderwelsch.Main - main-method is running
12:34:55.884 [main] INFO  at.kauderwelsch.Main - main-method is running
12:37:49.737 [main] INFO  at.kauderwelsch.Main - main-method is running
12:41:19.632 [main] INFO  at.kauderwelsch.Main - main-method is running
12:43:16.363 [main] INFO  at.kauderwelsch.Main - main-method is running
12:43:53.609 [main] INFO  at.kauderwelsch.Main - main-method is running
12:45:51.076 [main] INFO  at.kauderwelsch.Main - main-method is running
12:46:44.963 [main] INFO  at.kauderwelsch.Main - main-method is running
12:46:59.472 [main] INFO  at.kauderwelsch.Main - main-method is running
12:47:30.625 [main] INFO  at.kauderwelsch.Main - main-method is running
12:47:43.313 [main] INFO  at.kauderwelsch.Main - main-method is running
12:47:55.052 [main] INFO  at.kauderwelsch.Main - main-method is running
12:47:59.511 [main] INFO  at.kauderwelsch.Main - main-method is running
12:48:07.215 [main] INFO  at.kauderwelsch.Main - main-method is running
12:48:26.507 [main] INFO  at.kauderwelsch.Main - main-method is running
12:51:06.553 [main] INFO  at.kauderwelsch.Main - main-method is running
12:53:04.882 [main] INFO  at.kauderwelsch.Main - main-method is running
13:00:25.737 [main] INFO  at.kauderwelsch.Main - main-method is running
13:00:49.702 [main] INFO  at.kauderwelsch.Main - main-method is running
13:01:01.340 [main] INFO  at.kauderwelsch.Main - main-method is running
13:04:51.537 [main] INFO  at.kauderwelsch.Main - main-method is running
13:05:11.739 [main] INFO  at.kauderwelsch.Main - main-method is running
13:05:28.045 [main] INFO  at.kauderwelsch.Main - main-method is running
13:05:48.351 [main] INFO  at.kauderwelsch.Main - main-method is running
13:17:50.820 [main] INFO  at.kauderwelsch.Main - main-method is running
13:26:10.862 [main] INFO  at.kauderwelsch.Main - main-method is running
13:33:50.512 [main] INFO  at.kauderwelsch.Main - main-method is running
13:35:04.712 [main] INFO  at.kauderwelsch.Main - main-method is running
13:35:54.723 [main] INFO  at.kauderwelsch.Main - main-method is running
13:38:17.092 [main] INFO  at.kauderwelsch.Main - main-method is running
